<?xml version="1.0" encoding="UTF-8"?>
<!-- Generated by org.testng.reporters.JUnitReportReporter -->
<testsuite hostname="JG-F63C2T237Q" failures="0" tests="1" name="Tests.HomePageTestng" time="5.778" errors="0" timestamp="2024-06-24T15:48:46 IST" skipped="0">
  <testcase classname="Tests.HomePageTestng" name="test_homepageTest" time="5.778"/>
  <system-out/>
</testsuite> <!-- Tests.HomePageTestng -->
